=== 2026-04-19T19:24:42.241579 ===
Длина текста: 1400
Первые 200 символов: 'Тестовый файл для лабораторной работы по регулярным выражениям.\n\nСодержит примеры для трёх шаблонов:\n\n1. Годы между 2000 и 2010:\n   - 2000\n   - 2005\n   - 2009\n   - 2010\n   - Неподходящие: 1999, 2011, '
Выбранный ключ: years_2000_2010
Найдено совпадений: 20
  0: '2000' на строке 5:15
  1: '2010' на строке 5:22
  2: '2000' на строке 6:6
  3: '2005' на строке 7:6
  4: '2009' на строке 8:6
--- Диагностика всех шаблонов ---
  years_2000_2010: 20 совпадений
  maestro_card: 7 совпадений
  ip_with_mask: 10 совпадений

=== 2026-04-19T19:24:42.241579 ===
Длина текста: 1400
Первые 200 символов: 'Тестовый файл для лабораторной работы по регулярным выражениям.\n\nСодержит примеры для трёх шаблонов:\n\n1. Годы между 2000 и 2010:\n   - 2000\n   - 2005\n   - 2009\n   - 2010\n   - Неподходящие: 1999, 2011, '
Выбранный ключ: years_2000_2010
Найдено совпадений: 20
  0: '2000' на строке 5:15
  1: '2010' на строке 5:22
  2: '2000' на строке 6:6
  3: '2005' на строке 7:6
  4: '2009' на строке 8:6
--- Диагностика всех шаблонов ---
  years_2000_2010: 20 совпадений
  maestro_card: 7 совпадений
  ip_with_mask: 10 совпадений
Перед циклом: matches тип <class 'list'>, длина 20
Первый элемент: MatchResult(substring='2000', start_line=5, start_char=15, length=4, end_line=5, end_char=18)
Добавлено строк в таблицу: 20

=== 2026-04-19T19:24:42.568480 ===
Длина текста: 1400
Первые 200 символов: 'Тестовый файл для лабораторной работы по регулярным выражениям.\n\nСодержит примеры для трёх шаблонов:\n\n1. Годы между 2000 и 2010:\n   - 2000\n   - 2005\n   - 2009\n   - 2010\n   - Неподходящие: 1999, 2011, '
Выбранный ключ: maestro_card
Найдено совпадений: 7
  0: '5012345678901234' на строке 13:6
  1: '561234567890123456' на строке 14:6
  2: '571234567890123' на строке 15:6
  3: '58123456789012345' на строке 16:6
  4: '612345678901234567' на строке 17:6
--- Диагностика всех шаблонов ---
  years_2000_2010: 20 совпадений
  maestro_card: 7 совпадений
  ip_with_mask: 10 совпадений

=== 2026-04-19T19:24:42.568480 ===
Длина текста: 1400
Первые 200 символов: 'Тестовый файл для лабораторной работы по регулярным выражениям.\n\nСодержит примеры для трёх шаблонов:\n\n1. Годы между 2000 и 2010:\n   - 2000\n   - 2005\n   - 2009\n   - 2010\n   - Неподходящие: 1999, 2011, '
Выбранный ключ: maestro_card
Найдено совпадений: 7
  0: '5012345678901234' на строке 13:6
  1: '561234567890123456' на строке 14:6
  2: '571234567890123' на строке 15:6
  3: '58123456789012345' на строке 16:6
  4: '612345678901234567' на строке 17:6
--- Диагностика всех шаблонов ---
  years_2000_2010: 20 совпадений
  maestro_card: 7 совпадений
  ip_with_mask: 10 совпадений
Перед циклом: matches тип <class 'list'>, длина 7
Первый элемент: MatchResult(substring='5012345678901234', start_line=13, start_char=6, length=16, end_line=13, end_char=21)
Добавлено строк в таблицу: 7

=== 2026-04-19T19:24:42.882683 ===
Длина текста: 1400
Первые 200 символов: 'Тестовый файл для лабораторной работы по регулярным выражениям.\n\nСодержит примеры для трёх шаблонов:\n\n1. Годы между 2000 и 2010:\n   - 2000\n   - 2005\n   - 2009\n   - 2010\n   - Неподходящие: 1999, 2011, '
Выбранный ключ: ip_with_mask
Найдено совпадений: 10
  0: '192.168.1.1/24' на строке 21:6
  1: '10.0.0.1/8' на строке 22:6
  2: '255.255.255.255/32' на строке 23:6
  3: '0.0.0.0/0' на строке 24:6
  4: '172.16.0.1/16' на строке 25:6
--- Диагностика всех шаблонов ---
  years_2000_2010: 20 совпадений
  maestro_card: 7 совпадений
  ip_with_mask: 10 совпадений

=== 2026-04-19T19:24:42.882683 ===
Длина текста: 1400
Первые 200 символов: 'Тестовый файл для лабораторной работы по регулярным выражениям.\n\nСодержит примеры для трёх шаблонов:\n\n1. Годы между 2000 и 2010:\n   - 2000\n   - 2005\n   - 2009\n   - 2010\n   - Неподходящие: 1999, 2011, '
Выбранный ключ: ip_with_mask
Найдено совпадений: 10
  0: '192.168.1.1/24' на строке 21:6
  1: '10.0.0.1/8' на строке 22:6
  2: '255.255.255.255/32' на строке 23:6
  3: '0.0.0.0/0' на строке 24:6
  4: '172.16.0.1/16' на строке 25:6
--- Диагностика всех шаблонов ---
  years_2000_2010: 20 совпадений
  maestro_card: 7 совпадений
  ip_with_mask: 10 совпадений
Перед циклом: matches тип <class 'list'>, длина 10
Первый элемент: MatchResult(substring='192.168.1.1/24', start_line=21, start_char=6, length=14, end_line=21, end_char=19)
Добавлено строк в таблицу: 10

=== 2026-04-19T19:28:03.561551 ===
Длина текста: 19
Первые 200 символов: '\\b(200[0-9]|2010)\\b'
Выбранный ключ: years_2000_2010
Найдено совпадений: 1
  0: '2010' на строке 1:13
--- Диагностика всех шаблонов ---
  years_2000_2010: 1 совпадений
  maestro_card: 0 совпадений
    (в тексте есть цифры: ['200', '0', '9', '2010'])
  ip_with_mask: 0 совпадений
    (в тексте есть цифры: ['200', '0', '9', '2010'])

=== 2026-04-19T19:28:03.561551 ===
Длина текста: 19
Первые 200 символов: '\\b(200[0-9]|2010)\\b'
Выбранный ключ: years_2000_2010
Найдено совпадений: 1
  0: '2010' на строке 1:13
--- Диагностика всех шаблонов ---
  years_2000_2010: 1 совпадений
  maestro_card: 0 совпадений
    (в тексте есть цифры: ['200', '0', '9', '2010'])
  ip_with_mask: 0 совпадений
    (в тексте есть цифры: ['200', '0', '9', '2010'])
Перед циклом: matches тип <class 'list'>, длина 1
Первый элемент: MatchResult(substring='2010', start_line=1, start_char=13, length=4, end_line=1, end_char=16)
Добавлено строк в таблицу: 1

=== 2026-04-19T19:28:24.098209 ===
Длина текста: 53
Первые 200 символов: '\\b(50[0-9]{10,17}|5[6-8][0-9]{10,17}|6[0-9]{11,18})\\b'
Выбранный ключ: years_2000_2010
Найдено совпадений: 0
--- Диагностика всех шаблонов ---
  years_2000_2010: 0 совпадений
    (в тексте есть цифры: ['50', '0', '9', '10', '17'])
  maestro_card: 0 совпадений
    (в тексте есть цифры: ['50', '0', '9', '10', '17'])
  ip_with_mask: 0 совпадений
    (в тексте есть цифры: ['50', '0', '9', '10', '17'])

=== 2026-04-19T19:28:24.098209 ===
Длина текста: 53
Первые 200 символов: '\\b(50[0-9]{10,17}|5[6-8][0-9]{10,17}|6[0-9]{11,18})\\b'
Выбранный ключ: years_2000_2010
Найдено совпадений: 0
--- Диагностика всех шаблонов ---
  years_2000_2010: 0 совпадений
    (в тексте есть цифры: ['50', '0', '9', '10', '17'])
  maestro_card: 0 совпадений
    (в тексте есть цифры: ['50', '0', '9', '10', '17'])
  ip_with_mask: 0 совпадений
    (в тексте есть цифры: ['50', '0', '9', '10', '17'])
Перед циклом: matches тип <class 'list'>, длина 0
Добавлено строк в таблицу: 0

=== 2026-04-19T19:28:25.955371 ===
Длина текста: 53
Первые 200 символов: '\\b(50[0-9]{10,17}|5[6-8][0-9]{10,17}|6[0-9]{11,18})\\b'
Выбранный ключ: maestro_card
Найдено совпадений: 0
--- Диагностика всех шаблонов ---
  years_2000_2010: 0 совпадений
    (в тексте есть цифры: ['50', '0', '9', '10', '17'])
  maestro_card: 0 совпадений
    (в тексте есть цифры: ['50', '0', '9', '10', '17'])
  ip_with_mask: 0 совпадений
    (в тексте есть цифры: ['50', '0', '9', '10', '17'])

=== 2026-04-19T19:28:25.955371 ===
Длина текста: 53
Первые 200 символов: '\\b(50[0-9]{10,17}|5[6-8][0-9]{10,17}|6[0-9]{11,18})\\b'
Выбранный ключ: maestro_card
Найдено совпадений: 0
--- Диагностика всех шаблонов ---
  years_2000_2010: 0 совпадений
    (в тексте есть цифры: ['50', '0', '9', '10', '17'])
  maestro_card: 0 совпадений
    (в тексте есть цифры: ['50', '0', '9', '10', '17'])
  ip_with_mask: 0 совпадений
    (в тексте есть цифры: ['50', '0', '9', '10', '17'])
Перед циклом: matches тип <class 'list'>, длина 0
Добавлено строк в таблицу: 0

=== 2026-04-19T19:28:26.546373 ===
Длина текста: 53
Первые 200 символов: '\\b(50[0-9]{10,17}|5[6-8][0-9]{10,17}|6[0-9]{11,18})\\b'
Выбранный ключ: maestro_card
Найдено совпадений: 0
--- Диагностика всех шаблонов ---
  years_2000_2010: 0 совпадений
    (в тексте есть цифры: ['50', '0', '9', '10', '17'])
  maestro_card: 0 совпадений
    (в тексте есть цифры: ['50', '0', '9', '10', '17'])
  ip_with_mask: 0 совпадений
    (в тексте есть цифры: ['50', '0', '9', '10', '17'])

=== 2026-04-19T19:28:26.546373 ===
Длина текста: 53
Первые 200 символов: '\\b(50[0-9]{10,17}|5[6-8][0-9]{10,17}|6[0-9]{11,18})\\b'
Выбранный ключ: maestro_card
Найдено совпадений: 0
--- Диагностика всех шаблонов ---
  years_2000_2010: 0 совпадений
    (в тексте есть цифры: ['50', '0', '9', '10', '17'])
  maestro_card: 0 совпадений
    (в тексте есть цифры: ['50', '0', '9', '10', '17'])
  ip_with_mask: 0 совпадений
    (в тексте есть цифры: ['50', '0', '9', '10', '17'])
Перед циклом: matches тип <class 'list'>, длина 0
Добавлено строк в таблицу: 0

=== 2026-04-19T19:28:28.371769 ===
Длина текста: 53
Первые 200 символов: '\\b(50[0-9]{10,17}|5[6-8][0-9]{10,17}|6[0-9]{11,18})\\b'
Выбранный ключ: ip_with_mask
Найдено совпадений: 0
--- Диагностика всех шаблонов ---
  years_2000_2010: 0 совпадений
    (в тексте есть цифры: ['50', '0', '9', '10', '17'])
  maestro_card: 0 совпадений
    (в тексте есть цифры: ['50', '0', '9', '10', '17'])
  ip_with_mask: 0 совпадений
    (в тексте есть цифры: ['50', '0', '9', '10', '17'])

=== 2026-04-19T19:28:28.371769 ===
Длина текста: 53
Первые 200 символов: '\\b(50[0-9]{10,17}|5[6-8][0-9]{10,17}|6[0-9]{11,18})\\b'
Выбранный ключ: ip_with_mask
Найдено совпадений: 0
--- Диагностика всех шаблонов ---
  years_2000_2010: 0 совпадений
    (в тексте есть цифры: ['50', '0', '9', '10', '17'])
  maestro_card: 0 совпадений
    (в тексте есть цифры: ['50', '0', '9', '10', '17'])
  ip_with_mask: 0 совпадений
    (в тексте есть цифры: ['50', '0', '9', '10', '17'])
Перед циклом: matches тип <class 'list'>, длина 0
Добавлено строк в таблицу: 0

=== 2026-04-19T19:28:28.628634 ===
Длина текста: 53
Первые 200 символов: '\\b(50[0-9]{10,17}|5[6-8][0-9]{10,17}|6[0-9]{11,18})\\b'
Выбранный ключ: ip_with_mask
Найдено совпадений: 0
--- Диагностика всех шаблонов ---
  years_2000_2010: 0 совпадений
    (в тексте есть цифры: ['50', '0', '9', '10', '17'])
  maestro_card: 0 совпадений
    (в тексте есть цифры: ['50', '0', '9', '10', '17'])
  ip_with_mask: 0 совпадений
    (в тексте есть цифры: ['50', '0', '9', '10', '17'])

=== 2026-04-19T19:28:28.628634 ===
Длина текста: 53
Первые 200 символов: '\\b(50[0-9]{10,17}|5[6-8][0-9]{10,17}|6[0-9]{11,18})\\b'
Выбранный ключ: ip_with_mask
Найдено совпадений: 0
--- Диагностика всех шаблонов ---
  years_2000_2010: 0 совпадений
    (в тексте есть цифры: ['50', '0', '9', '10', '17'])
  maestro_card: 0 совпадений
    (в тексте есть цифры: ['50', '0', '9', '10', '17'])
  ip_with_mask: 0 совпадений
    (в тексте есть цифры: ['50', '0', '9', '10', '17'])
Перед циклом: matches тип <class 'list'>, длина 0
Добавлено строк в таблицу: 0

=== 2026-04-19T19:28:39.664928 ===
Длина текста: 10
Первые 200 символов: '5078779697'
Выбранный ключ: maestro_card
Найдено совпадений: 0
--- Диагностика всех шаблонов ---
  years_2000_2010: 0 совпадений
    (в тексте есть цифры: ['5078779697'])
  maestro_card: 0 совпадений
    (в тексте есть цифры: ['5078779697'])
  ip_with_mask: 0 совпадений
    (в тексте есть цифры: ['5078779697'])

=== 2026-04-19T19:28:39.664928 ===
Длина текста: 10
Первые 200 символов: '5078779697'
Выбранный ключ: maestro_card
Найдено совпадений: 0
--- Диагностика всех шаблонов ---
  years_2000_2010: 0 совпадений
    (в тексте есть цифры: ['5078779697'])
  maestro_card: 0 совпадений
    (в тексте есть цифры: ['5078779697'])
  ip_with_mask: 0 совпадений
    (в тексте есть цифры: ['5078779697'])
Перед циклом: matches тип <class 'list'>, длина 0
Добавлено строк в таблицу: 0

=== 2026-04-19T19:28:47.459364 ===
Длина текста: 15
Первые 200 символов: '507877969757к86'
Выбранный ключ: maestro_card
Найдено совпадений: 0
--- Диагностика всех шаблонов ---
  years_2000_2010: 0 совпадений
    (в тексте есть цифры: ['507877969757', '86'])
  maestro_card: 0 совпадений
    (в тексте есть цифры: ['507877969757', '86'])
  ip_with_mask: 0 совпадений
    (в тексте есть цифры: ['507877969757', '86'])

=== 2026-04-19T19:28:47.459364 ===
Длина текста: 15
Первые 200 символов: '507877969757к86'
Выбранный ключ: maestro_card
Найдено совпадений: 0
--- Диагностика всех шаблонов ---
  years_2000_2010: 0 совпадений
    (в тексте есть цифры: ['507877969757', '86'])
  maestro_card: 0 совпадений
    (в тексте есть цифры: ['507877969757', '86'])
  ip_with_mask: 0 совпадений
    (в тексте есть цифры: ['507877969757', '86'])
Перед циклом: matches тип <class 'list'>, длина 0
Добавлено строк в таблицу: 0

=== 2026-04-19T19:28:47.853945 ===
Длина текста: 15
Первые 200 символов: '507877969757к86'
Выбранный ключ: maestro_card
Найдено совпадений: 0
--- Диагностика всех шаблонов ---
  years_2000_2010: 0 совпадений
    (в тексте есть цифры: ['507877969757', '86'])
  maestro_card: 0 совпадений
    (в тексте есть цифры: ['507877969757', '86'])
  ip_with_mask: 0 совпадений
    (в тексте есть цифры: ['507877969757', '86'])

=== 2026-04-19T19:28:47.853945 ===
Длина текста: 15
Первые 200 символов: '507877969757к86'
Выбранный ключ: maestro_card
Найдено совпадений: 0
--- Диагностика всех шаблонов ---
  years_2000_2010: 0 совпадений
    (в тексте есть цифры: ['507877969757', '86'])
  maestro_card: 0 совпадений
    (в тексте есть цифры: ['507877969757', '86'])
  ip_with_mask: 0 совпадений
    (в тексте есть цифры: ['507877969757', '86'])
Перед циклом: matches тип <class 'list'>, длина 0
Добавлено строк в таблицу: 0

=== 2026-04-19T19:28:48.102792 ===
Длина текста: 15
Первые 200 символов: '507877969757к86'
Выбранный ключ: maestro_card
Найдено совпадений: 0
--- Диагностика всех шаблонов ---
  years_2000_2010: 0 совпадений
    (в тексте есть цифры: ['507877969757', '86'])
  maestro_card: 0 совпадений
    (в тексте есть цифры: ['507877969757', '86'])
  ip_with_mask: 0 совпадений
    (в тексте есть цифры: ['507877969757', '86'])

=== 2026-04-19T19:28:48.102792 ===
Длина текста: 15
Первые 200 символов: '507877969757к86'
Выбранный ключ: maestro_card
Найдено совпадений: 0
--- Диагностика всех шаблонов ---
  years_2000_2010: 0 совпадений
    (в тексте есть цифры: ['507877969757', '86'])
  maestro_card: 0 совпадений
    (в тексте есть цифры: ['507877969757', '86'])
  ip_with_mask: 0 совпадений
    (в тексте есть цифры: ['507877969757', '86'])
Перед циклом: matches тип <class 'list'>, длина 0
Добавлено строк в таблицу: 0

=== 2026-04-19T19:28:52.039242 ===
Длина текста: 14
Первые 200 символов: '50787796975786'
Выбранный ключ: maestro_card
Найдено совпадений: 1
  0: '50787796975786' на строке 1:1
--- Диагностика всех шаблонов ---
  years_2000_2010: 0 совпадений
    (в тексте есть цифры: ['50787796975786'])
  maestro_card: 1 совпадений
  ip_with_mask: 0 совпадений
    (в тексте есть цифры: ['50787796975786'])

=== 2026-04-19T19:28:52.039242 ===
Длина текста: 14
Первые 200 символов: '50787796975786'
Выбранный ключ: maestro_card
Найдено совпадений: 1
  0: '50787796975786' на строке 1:1
--- Диагностика всех шаблонов ---
  years_2000_2010: 0 совпадений
    (в тексте есть цифры: ['50787796975786'])
  maestro_card: 1 совпадений
  ip_with_mask: 0 совпадений
    (в тексте есть цифры: ['50787796975786'])
Перед циклом: matches тип <class 'list'>, длина 1
Первый элемент: MatchResult(substring='50787796975786', start_line=1, start_char=1, length=14, end_line=1, end_char=14)
Добавлено строк в таблицу: 1

=== 2026-04-19T19:28:52.318323 ===
Длина текста: 14
Первые 200 символов: '50787796975786'
Выбранный ключ: maestro_card
Найдено совпадений: 1
  0: '50787796975786' на строке 1:1
--- Диагностика всех шаблонов ---
  years_2000_2010: 0 совпадений
    (в тексте есть цифры: ['50787796975786'])
  maestro_card: 1 совпадений
  ip_with_mask: 0 совпадений
    (в тексте есть цифры: ['50787796975786'])

=== 2026-04-19T19:28:52.318323 ===
Длина текста: 14
Первые 200 символов: '50787796975786'
Выбранный ключ: maestro_card
Найдено совпадений: 1
  0: '50787796975786' на строке 1:1
--- Диагностика всех шаблонов ---
  years_2000_2010: 0 совпадений
    (в тексте есть цифры: ['50787796975786'])
  maestro_card: 1 совпадений
  ip_with_mask: 0 совпадений
    (в тексте есть цифры: ['50787796975786'])
Перед циклом: matches тип <class 'list'>, длина 1
Первый элемент: MatchResult(substring='50787796975786', start_line=1, start_char=1, length=14, end_line=1, end_char=14)
Добавлено строк в таблицу: 1

=== 2026-04-19T19:29:00.893513 ===
Длина текста: 14
Первые 200 символов: '50787796975786'
Выбранный ключ: ip_with_mask
Найдено совпадений: 0
--- Диагностика всех шаблонов ---
  years_2000_2010: 0 совпадений
    (в тексте есть цифры: ['50787796975786'])
  maestro_card: 1 совпадений
  ip_with_mask: 0 совпадений
    (в тексте есть цифры: ['50787796975786'])

=== 2026-04-19T19:29:00.893513 ===
Длина текста: 14
Первые 200 символов: '50787796975786'
Выбранный ключ: ip_with_mask
Найдено совпадений: 0
--- Диагностика всех шаблонов ---
  years_2000_2010: 0 совпадений
    (в тексте есть цифры: ['50787796975786'])
  maestro_card: 1 совпадений
  ip_with_mask: 0 совпадений
    (в тексте есть цифры: ['50787796975786'])
Перед циклом: matches тип <class 'list'>, длина 0
Добавлено строк в таблицу: 0

=== 2026-04-19T19:29:03.455276 ===
Длина текста: 14
Первые 200 символов: '50787796975786'
Выбранный ключ: maestro_card
Найдено совпадений: 1
  0: '50787796975786' на строке 1:1
--- Диагностика всех шаблонов ---
  years_2000_2010: 0 совпадений
    (в тексте есть цифры: ['50787796975786'])
  maestro_card: 1 совпадений
  ip_with_mask: 0 совпадений
    (в тексте есть цифры: ['50787796975786'])

=== 2026-04-19T19:29:03.455276 ===
Длина текста: 14
Первые 200 символов: '50787796975786'
Выбранный ключ: maestro_card
Найдено совпадений: 1
  0: '50787796975786' на строке 1:1
--- Диагностика всех шаблонов ---
  years_2000_2010: 0 совпадений
    (в тексте есть цифры: ['50787796975786'])
  maestro_card: 1 совпадений
  ip_with_mask: 0 совпадений
    (в тексте есть цифры: ['50787796975786'])
Перед циклом: matches тип <class 'list'>, длина 1
Первый элемент: MatchResult(substring='50787796975786', start_line=1, start_char=1, length=14, end_line=1, end_char=14)
Добавлено строк в таблицу: 1

=== 2026-04-19T19:29:23.404455 ===
Длина текста: 14
Первые 200 символов: '50787796975786'
Выбранный ключ: maestro_card
Найдено совпадений: 1
  0: '50787796975786' на строке 1:1
--- Диагностика всех шаблонов ---
  years_2000_2010: 0 совпадений
    (в тексте есть цифры: ['50787796975786'])
  maestro_card: 1 совпадений
  ip_with_mask: 0 совпадений
    (в тексте есть цифры: ['50787796975786'])

=== 2026-04-19T19:29:23.404455 ===
Длина текста: 14
Первые 200 символов: '50787796975786'
Выбранный ключ: maestro_card
Найдено совпадений: 1
  0: '50787796975786' на строке 1:1
--- Диагностика всех шаблонов ---
  years_2000_2010: 0 совпадений
    (в тексте есть цифры: ['50787796975786'])
  maestro_card: 1 совпадений
  ip_with_mask: 0 совпадений
    (в тексте есть цифры: ['50787796975786'])
Перед циклом: matches тип <class 'list'>, длина 1
Первый элемент: MatchResult(substring='50787796975786', start_line=1, start_char=1, length=14, end_line=1, end_char=14)
Добавлено строк в таблицу: 1

=== 2026-04-19T19:29:33.985816 ===
Длина текста: 14
Первые 200 символов: '50787796975786'
Выбранный ключ: maestro_card
Найдено совпадений: 1
  0: '50787796975786' на строке 1:1
--- Диагностика всех шаблонов ---
  years_2000_2010: 0 совпадений
    (в тексте есть цифры: ['50787796975786'])
  maestro_card: 1 совпадений
  ip_with_mask: 0 совпадений
    (в тексте есть цифры: ['50787796975786'])

=== 2026-04-19T19:29:33.985816 ===
Длина текста: 14
Первые 200 символов: '50787796975786'
Выбранный ключ: maestro_card
Найдено совпадений: 1
  0: '50787796975786' на строке 1:1
--- Диагностика всех шаблонов ---
  years_2000_2010: 0 совпадений
    (в тексте есть цифры: ['50787796975786'])
  maestro_card: 1 совпадений
  ip_with_mask: 0 совпадений
    (в тексте есть цифры: ['50787796975786'])
Перед циклом: matches тип <class 'list'>, длина 1
Первый элемент: MatchResult(substring='50787796975786', start_line=1, start_char=1, length=14, end_line=1, end_char=14)
Добавлено строк в таблицу: 1

=== 2026-04-19T19:37:40.379655 ===
Длина текста: 112
Первые 200 символов: 'b((25[0-5]|2[0-4][0-9]|[01]?[0-9][0-9]?)\\.){3}(25[0-5]|2[0-4][0-9]|[01]?[0-9][0-9]?)\\/([0-9]|[12][0-9]|3[0-2])\\b'
Выбранный ключ: ip_with_mask
Найдено совпадений: 0
--- Диагностика всех шаблонов ---
  years_2000_2010: 0 совпадений
    (в тексте есть цифры: ['25', '0', '5', '2', '0'])
  maestro_card: 0 совпадений
    (в тексте есть цифры: ['25', '0', '5', '2', '0'])
  ip_with_mask: 0 совпадений
    (в тексте есть цифры: ['25', '0', '5', '2', '0'])

=== 2026-04-19T19:37:40.379655 ===
Длина текста: 112
Первые 200 символов: 'b((25[0-5]|2[0-4][0-9]|[01]?[0-9][0-9]?)\\.){3}(25[0-5]|2[0-4][0-9]|[01]?[0-9][0-9]?)\\/([0-9]|[12][0-9]|3[0-2])\\b'
Выбранный ключ: ip_with_mask
Найдено совпадений: 0
--- Диагностика всех шаблонов ---
  years_2000_2010: 0 совпадений
    (в тексте есть цифры: ['25', '0', '5', '2', '0'])
  maestro_card: 0 совпадений
    (в тексте есть цифры: ['25', '0', '5', '2', '0'])
  ip_with_mask: 0 совпадений
    (в тексте есть цифры: ['25', '0', '5', '2', '0'])
Перед циклом: matches тип <class 'list'>, длина 0
Добавлено строк в таблицу: 0

=== 2026-04-19T19:37:41.041257 ===
Длина текста: 112
Первые 200 символов: 'b((25[0-5]|2[0-4][0-9]|[01]?[0-9][0-9]?)\\.){3}(25[0-5]|2[0-4][0-9]|[01]?[0-9][0-9]?)\\/([0-9]|[12][0-9]|3[0-2])\\b'
Выбранный ключ: ip_with_mask
Найдено совпадений: 0
--- Диагностика всех шаблонов ---
  years_2000_2010: 0 совпадений
    (в тексте есть цифры: ['25', '0', '5', '2', '0'])
  maestro_card: 0 совпадений
    (в тексте есть цифры: ['25', '0', '5', '2', '0'])
  ip_with_mask: 0 совпадений
    (в тексте есть цифры: ['25', '0', '5', '2', '0'])

=== 2026-04-19T19:37:41.041257 ===
Длина текста: 112
Первые 200 символов: 'b((25[0-5]|2[0-4][0-9]|[01]?[0-9][0-9]?)\\.){3}(25[0-5]|2[0-4][0-9]|[01]?[0-9][0-9]?)\\/([0-9]|[12][0-9]|3[0-2])\\b'
Выбранный ключ: ip_with_mask
Найдено совпадений: 0
--- Диагностика всех шаблонов ---
  years_2000_2010: 0 совпадений
    (в тексте есть цифры: ['25', '0', '5', '2', '0'])
  maestro_card: 0 совпадений
    (в тексте есть цифры: ['25', '0', '5', '2', '0'])
  ip_with_mask: 0 совпадений
    (в тексте есть цифры: ['25', '0', '5', '2', '0'])
Перед циклом: matches тип <class 'list'>, длина 0
Добавлено строк в таблицу: 0

=== 2026-04-19T19:37:41.297889 ===
Длина текста: 112
Первые 200 символов: 'b((25[0-5]|2[0-4][0-9]|[01]?[0-9][0-9]?)\\.){3}(25[0-5]|2[0-4][0-9]|[01]?[0-9][0-9]?)\\/([0-9]|[12][0-9]|3[0-2])\\b'
Выбранный ключ: ip_with_mask
Найдено совпадений: 0
--- Диагностика всех шаблонов ---
  years_2000_2010: 0 совпадений
    (в тексте есть цифры: ['25', '0', '5', '2', '0'])
  maestro_card: 0 совпадений
    (в тексте есть цифры: ['25', '0', '5', '2', '0'])
  ip_with_mask: 0 совпадений
    (в тексте есть цифры: ['25', '0', '5', '2', '0'])

=== 2026-04-19T19:37:41.297889 ===
Длина текста: 112
Первые 200 символов: 'b((25[0-5]|2[0-4][0-9]|[01]?[0-9][0-9]?)\\.){3}(25[0-5]|2[0-4][0-9]|[01]?[0-9][0-9]?)\\/([0-9]|[12][0-9]|3[0-2])\\b'
Выбранный ключ: ip_with_mask
Найдено совпадений: 0
--- Диагностика всех шаблонов ---
  years_2000_2010: 0 совпадений
    (в тексте есть цифры: ['25', '0', '5', '2', '0'])
  maestro_card: 0 совпадений
    (в тексте есть цифры: ['25', '0', '5', '2', '0'])
  ip_with_mask: 0 совпадений
    (в тексте есть цифры: ['25', '0', '5', '2', '0'])
Перед циклом: matches тип <class 'list'>, длина 0
Добавлено строк в таблицу: 0

=== 2026-04-19T19:41:07.772214 ===
Длина текста: 112
Первые 200 символов: 'B((25[0-5]|2[0-4][0-9]|[01]?[0-9][0-9]?)\\.){3}(25[0-5]|2[0-4][0-9]|[01]?[0-9][0-9]?)\\/([0-9]|[12][0-9]|3[0-2])\\B'
Выбранный ключ: maestro_card
Найдено совпадений: 0
--- Диагностика всех шаблонов ---
  years_2000_2010: 0 совпадений
    (в тексте есть цифры: ['25', '0', '5', '2', '0'])
  maestro_card: 0 совпадений
    (в тексте есть цифры: ['25', '0', '5', '2', '0'])
  ip_with_mask: 0 совпадений
    (в тексте есть цифры: ['25', '0', '5', '2', '0'])

=== 2026-04-19T19:41:07.772214 ===
Длина текста: 112
Первые 200 символов: 'B((25[0-5]|2[0-4][0-9]|[01]?[0-9][0-9]?)\\.){3}(25[0-5]|2[0-4][0-9]|[01]?[0-9][0-9]?)\\/([0-9]|[12][0-9]|3[0-2])\\B'
Выбранный ключ: maestro_card
Найдено совпадений: 0
--- Диагностика всех шаблонов ---
  years_2000_2010: 0 совпадений
    (в тексте есть цифры: ['25', '0', '5', '2', '0'])
  maestro_card: 0 совпадений
    (в тексте есть цифры: ['25', '0', '5', '2', '0'])
  ip_with_mask: 0 совпадений
    (в тексте есть цифры: ['25', '0', '5', '2', '0'])
Перед циклом: matches тип <class 'list'>, длина 0
Добавлено строк в таблицу: 0

=== 2026-04-19T19:41:08.392343 ===
Длина текста: 112
Первые 200 символов: 'B((25[0-5]|2[0-4][0-9]|[01]?[0-9][0-9]?)\\.){3}(25[0-5]|2[0-4][0-9]|[01]?[0-9][0-9]?)\\/([0-9]|[12][0-9]|3[0-2])\\B'
Выбранный ключ: maestro_card
Найдено совпадений: 0
--- Диагностика всех шаблонов ---
  years_2000_2010: 0 совпадений
    (в тексте есть цифры: ['25', '0', '5', '2', '0'])
  maestro_card: 0 совпадений
    (в тексте есть цифры: ['25', '0', '5', '2', '0'])
  ip_with_mask: 0 совпадений
    (в тексте есть цифры: ['25', '0', '5', '2', '0'])

=== 2026-04-19T19:41:08.392343 ===
Длина текста: 112
Первые 200 символов: 'B((25[0-5]|2[0-4][0-9]|[01]?[0-9][0-9]?)\\.){3}(25[0-5]|2[0-4][0-9]|[01]?[0-9][0-9]?)\\/([0-9]|[12][0-9]|3[0-2])\\B'
Выбранный ключ: maestro_card
Найдено совпадений: 0
--- Диагностика всех шаблонов ---
  years_2000_2010: 0 совпадений
    (в тексте есть цифры: ['25', '0', '5', '2', '0'])
  maestro_card: 0 совпадений
    (в тексте есть цифры: ['25', '0', '5', '2', '0'])
  ip_with_mask: 0 совпадений
    (в тексте есть цифры: ['25', '0', '5', '2', '0'])
Перед циклом: matches тип <class 'list'>, длина 0
Добавлено строк в таблицу: 0

=== 2026-04-19T19:41:08.627136 ===
Длина текста: 112
Первые 200 символов: 'B((25[0-5]|2[0-4][0-9]|[01]?[0-9][0-9]?)\\.){3}(25[0-5]|2[0-4][0-9]|[01]?[0-9][0-9]?)\\/([0-9]|[12][0-9]|3[0-2])\\B'
Выбранный ключ: maestro_card
Найдено совпадений: 0
--- Диагностика всех шаблонов ---
  years_2000_2010: 0 совпадений
    (в тексте есть цифры: ['25', '0', '5', '2', '0'])
  maestro_card: 0 совпадений
    (в тексте есть цифры: ['25', '0', '5', '2', '0'])
  ip_with_mask: 0 совпадений
    (в тексте есть цифры: ['25', '0', '5', '2', '0'])

=== 2026-04-19T19:41:08.627136 ===
Длина текста: 112
Первые 200 символов: 'B((25[0-5]|2[0-4][0-9]|[01]?[0-9][0-9]?)\\.){3}(25[0-5]|2[0-4][0-9]|[01]?[0-9][0-9]?)\\/([0-9]|[12][0-9]|3[0-2])\\B'
Выбранный ключ: maestro_card
Найдено совпадений: 0
--- Диагностика всех шаблонов ---
  years_2000_2010: 0 совпадений
    (в тексте есть цифры: ['25', '0', '5', '2', '0'])
  maestro_card: 0 совпадений
    (в тексте есть цифры: ['25', '0', '5', '2', '0'])
  ip_with_mask: 0 совпадений
    (в тексте есть цифры: ['25', '0', '5', '2', '0'])
Перед циклом: matches тип <class 'list'>, длина 0
Добавлено строк в таблицу: 0

=== 2026-04-19T19:41:12.105023 ===
Длина текста: 112
Первые 200 символов: 'B((25[0-5]|2[0-4][0-9]|[01]?[0-9][0-9]?)\\.){3}(25[0-5]|2[0-4][0-9]|[01]?[0-9][0-9]?)\\/([0-9]|[12][0-9]|3[0-2])\\B'
Выбранный ключ: ip_with_mask
Найдено совпадений: 0
--- Диагностика всех шаблонов ---
  years_2000_2010: 0 совпадений
    (в тексте есть цифры: ['25', '0', '5', '2', '0'])
  maestro_card: 0 совпадений
    (в тексте есть цифры: ['25', '0', '5', '2', '0'])
  ip_with_mask: 0 совпадений
    (в тексте есть цифры: ['25', '0', '5', '2', '0'])

=== 2026-04-19T19:41:12.105023 ===
Длина текста: 112
Первые 200 символов: 'B((25[0-5]|2[0-4][0-9]|[01]?[0-9][0-9]?)\\.){3}(25[0-5]|2[0-4][0-9]|[01]?[0-9][0-9]?)\\/([0-9]|[12][0-9]|3[0-2])\\B'
Выбранный ключ: ip_with_mask
Найдено совпадений: 0
--- Диагностика всех шаблонов ---
  years_2000_2010: 0 совпадений
    (в тексте есть цифры: ['25', '0', '5', '2', '0'])
  maestro_card: 0 совпадений
    (в тексте есть цифры: ['25', '0', '5', '2', '0'])
  ip_with_mask: 0 совпадений
    (в тексте есть цифры: ['25', '0', '5', '2', '0'])
Перед циклом: matches тип <class 'list'>, длина 0
Добавлено строк в таблицу: 0

=== 2026-04-19T19:41:12.534134 ===
Длина текста: 112
Первые 200 символов: 'B((25[0-5]|2[0-4][0-9]|[01]?[0-9][0-9]?)\\.){3}(25[0-5]|2[0-4][0-9]|[01]?[0-9][0-9]?)\\/([0-9]|[12][0-9]|3[0-2])\\B'
Выбранный ключ: ip_with_mask
Найдено совпадений: 0
--- Диагностика всех шаблонов ---
  years_2000_2010: 0 совпадений
    (в тексте есть цифры: ['25', '0', '5', '2', '0'])
  maestro_card: 0 совпадений
    (в тексте есть цифры: ['25', '0', '5', '2', '0'])
  ip_with_mask: 0 совпадений
    (в тексте есть цифры: ['25', '0', '5', '2', '0'])

=== 2026-04-19T19:41:12.534134 ===
Длина текста: 112
Первые 200 символов: 'B((25[0-5]|2[0-4][0-9]|[01]?[0-9][0-9]?)\\.){3}(25[0-5]|2[0-4][0-9]|[01]?[0-9][0-9]?)\\/([0-9]|[12][0-9]|3[0-2])\\B'
Выбранный ключ: ip_with_mask
Найдено совпадений: 0
--- Диагностика всех шаблонов ---
  years_2000_2010: 0 совпадений
    (в тексте есть цифры: ['25', '0', '5', '2', '0'])
  maestro_card: 0 совпадений
    (в тексте есть цифры: ['25', '0', '5', '2', '0'])
  ip_with_mask: 0 совпадений
    (в тексте есть цифры: ['25', '0', '5', '2', '0'])
Перед циклом: matches тип <class 'list'>, длина 0
Добавлено строк в таблицу: 0

=== 2026-04-19T19:41:12.775372 ===
Длина текста: 112
Первые 200 символов: 'B((25[0-5]|2[0-4][0-9]|[01]?[0-9][0-9]?)\\.){3}(25[0-5]|2[0-4][0-9]|[01]?[0-9][0-9]?)\\/([0-9]|[12][0-9]|3[0-2])\\B'
Выбранный ключ: ip_with_mask
Найдено совпадений: 0
--- Диагностика всех шаблонов ---
  years_2000_2010: 0 совпадений
    (в тексте есть цифры: ['25', '0', '5', '2', '0'])
  maestro_card: 0 совпадений
    (в тексте есть цифры: ['25', '0', '5', '2', '0'])
  ip_with_mask: 0 совпадений
    (в тексте есть цифры: ['25', '0', '5', '2', '0'])

=== 2026-04-19T19:41:12.775372 ===
Длина текста: 112
Первые 200 символов: 'B((25[0-5]|2[0-4][0-9]|[01]?[0-9][0-9]?)\\.){3}(25[0-5]|2[0-4][0-9]|[01]?[0-9][0-9]?)\\/([0-9]|[12][0-9]|3[0-2])\\B'
Выбранный ключ: ip_with_mask
Найдено совпадений: 0
--- Диагностика всех шаблонов ---
  years_2000_2010: 0 совпадений
    (в тексте есть цифры: ['25', '0', '5', '2', '0'])
  maestro_card: 0 совпадений
    (в тексте есть цифры: ['25', '0', '5', '2', '0'])
  ip_with_mask: 0 совпадений
    (в тексте есть цифры: ['25', '0', '5', '2', '0'])
Перед циклом: matches тип <class 'list'>, длина 0
Добавлено строк в таблицу: 0

=== 2026-04-19T19:41:21.217489 ===
Длина текста: 113
Первые 200 символов: '\\B((25[0-5]|2[0-4][0-9]|[01]?[0-9][0-9]?)\\.){3}(25[0-5]|2[0-4][0-9]|[01]?[0-9][0-9]?)\\/([0-9]|[12][0-9]|3[0-2])\\B'
Выбранный ключ: ip_with_mask
Найдено совпадений: 0
--- Диагностика всех шаблонов ---
  years_2000_2010: 0 совпадений
    (в тексте есть цифры: ['25', '0', '5', '2', '0'])
  maestro_card: 0 совпадений
    (в тексте есть цифры: ['25', '0', '5', '2', '0'])
  ip_with_mask: 0 совпадений
    (в тексте есть цифры: ['25', '0', '5', '2', '0'])

=== 2026-04-19T19:41:21.217489 ===
Длина текста: 113
Первые 200 символов: '\\B((25[0-5]|2[0-4][0-9]|[01]?[0-9][0-9]?)\\.){3}(25[0-5]|2[0-4][0-9]|[01]?[0-9][0-9]?)\\/([0-9]|[12][0-9]|3[0-2])\\B'
Выбранный ключ: ip_with_mask
Найдено совпадений: 0
--- Диагностика всех шаблонов ---
  years_2000_2010: 0 совпадений
    (в тексте есть цифры: ['25', '0', '5', '2', '0'])
  maestro_card: 0 совпадений
    (в тексте есть цифры: ['25', '0', '5', '2', '0'])
  ip_with_mask: 0 совпадений
    (в тексте есть цифры: ['25', '0', '5', '2', '0'])
Перед циклом: matches тип <class 'list'>, длина 0
Добавлено строк в таблицу: 0

=== 2026-04-19T19:41:21.811398 ===
Длина текста: 113
Первые 200 символов: '\\B((25[0-5]|2[0-4][0-9]|[01]?[0-9][0-9]?)\\.){3}(25[0-5]|2[0-4][0-9]|[01]?[0-9][0-9]?)\\/([0-9]|[12][0-9]|3[0-2])\\B'
Выбранный ключ: ip_with_mask
Найдено совпадений: 0
--- Диагностика всех шаблонов ---
  years_2000_2010: 0 совпадений
    (в тексте есть цифры: ['25', '0', '5', '2', '0'])
  maestro_card: 0 совпадений
    (в тексте есть цифры: ['25', '0', '5', '2', '0'])
  ip_with_mask: 0 совпадений
    (в тексте есть цифры: ['25', '0', '5', '2', '0'])

=== 2026-04-19T19:41:21.811398 ===
Длина текста: 113
Первые 200 символов: '\\B((25[0-5]|2[0-4][0-9]|[01]?[0-9][0-9]?)\\.){3}(25[0-5]|2[0-4][0-9]|[01]?[0-9][0-9]?)\\/([0-9]|[12][0-9]|3[0-2])\\B'
Выбранный ключ: ip_with_mask
Найдено совпадений: 0
--- Диагностика всех шаблонов ---
  years_2000_2010: 0 совпадений
    (в тексте есть цифры: ['25', '0', '5', '2', '0'])
  maestro_card: 0 совпадений
    (в тексте есть цифры: ['25', '0', '5', '2', '0'])
  ip_with_mask: 0 совпадений
    (в тексте есть цифры: ['25', '0', '5', '2', '0'])
Перед циклом: matches тип <class 'list'>, длина 0
Добавлено строк в таблицу: 0

=== 2026-04-19T19:41:22.063931 ===
Длина текста: 113
Первые 200 символов: '\\B((25[0-5]|2[0-4][0-9]|[01]?[0-9][0-9]?)\\.){3}(25[0-5]|2[0-4][0-9]|[01]?[0-9][0-9]?)\\/([0-9]|[12][0-9]|3[0-2])\\B'
Выбранный ключ: ip_with_mask
Найдено совпадений: 0
--- Диагностика всех шаблонов ---
  years_2000_2010: 0 совпадений
    (в тексте есть цифры: ['25', '0', '5', '2', '0'])
  maestro_card: 0 совпадений
    (в тексте есть цифры: ['25', '0', '5', '2', '0'])
  ip_with_mask: 0 совпадений
    (в тексте есть цифры: ['25', '0', '5', '2', '0'])

=== 2026-04-19T19:41:22.063931 ===
Длина текста: 113
Первые 200 символов: '\\B((25[0-5]|2[0-4][0-9]|[01]?[0-9][0-9]?)\\.){3}(25[0-5]|2[0-4][0-9]|[01]?[0-9][0-9]?)\\/([0-9]|[12][0-9]|3[0-2])\\B'
Выбранный ключ: ip_with_mask
Найдено совпадений: 0
--- Диагностика всех шаблонов ---
  years_2000_2010: 0 совпадений
    (в тексте есть цифры: ['25', '0', '5', '2', '0'])
  maestro_card: 0 совпадений
    (в тексте есть цифры: ['25', '0', '5', '2', '0'])
  ip_with_mask: 0 совпадений
    (в тексте есть цифры: ['25', '0', '5', '2', '0'])
Перед циклом: matches тип <class 'list'>, длина 0
Добавлено строк в таблицу: 0

=== 2026-04-19T19:50:15.475040 ===
Длина текста: 52
Первые 200 символов: 'b(50[0-9]{10,17}|5[6-8][0-9]{10,17}|6[0-9]{11,18})\\b'
Выбранный ключ: maestro_card
Найдено совпадений: 0
--- Диагностика всех шаблонов ---
  years_2000_2010: 0 совпадений
    (в тексте есть цифры: ['50', '0', '9', '10', '17'])
  maestro_card: 0 совпадений
    (в тексте есть цифры: ['50', '0', '9', '10', '17'])
  ip_with_mask: 0 совпадений
    (в тексте есть цифры: ['50', '0', '9', '10', '17'])

=== 2026-04-19T19:50:15.475040 ===
Длина текста: 52
Первые 200 символов: 'b(50[0-9]{10,17}|5[6-8][0-9]{10,17}|6[0-9]{11,18})\\b'
Выбранный ключ: maestro_card
Найдено совпадений: 0
--- Диагностика всех шаблонов ---
  years_2000_2010: 0 совпадений
    (в тексте есть цифры: ['50', '0', '9', '10', '17'])
  maestro_card: 0 совпадений
    (в тексте есть цифры: ['50', '0', '9', '10', '17'])
  ip_with_mask: 0 совпадений
    (в тексте есть цифры: ['50', '0', '9', '10', '17'])
Перед циклом: matches тип <class 'list'>, длина 0
Добавлено строк в таблицу: 0

=== 2026-04-19T19:50:16.240374 ===
Длина текста: 52
Первые 200 символов: 'b(50[0-9]{10,17}|5[6-8][0-9]{10,17}|6[0-9]{11,18})\\b'
Выбранный ключ: maestro_card
Найдено совпадений: 0
--- Диагностика всех шаблонов ---
  years_2000_2010: 0 совпадений
    (в тексте есть цифры: ['50', '0', '9', '10', '17'])
  maestro_card: 0 совпадений
    (в тексте есть цифры: ['50', '0', '9', '10', '17'])
  ip_with_mask: 0 совпадений
    (в тексте есть цифры: ['50', '0', '9', '10', '17'])

=== 2026-04-19T19:50:16.240374 ===
Длина текста: 52
Первые 200 символов: 'b(50[0-9]{10,17}|5[6-8][0-9]{10,17}|6[0-9]{11,18})\\b'
Выбранный ключ: maestro_card
Найдено совпадений: 0
--- Диагностика всех шаблонов ---
  years_2000_2010: 0 совпадений
    (в тексте есть цифры: ['50', '0', '9', '10', '17'])
  maestro_card: 0 совпадений
    (в тексте есть цифры: ['50', '0', '9', '10', '17'])
  ip_with_mask: 0 совпадений
    (в тексте есть цифры: ['50', '0', '9', '10', '17'])
Перед циклом: matches тип <class 'list'>, длина 0
Добавлено строк в таблицу: 0

=== 2026-04-19T19:50:16.485182 ===
Длина текста: 52
Первые 200 символов: 'b(50[0-9]{10,17}|5[6-8][0-9]{10,17}|6[0-9]{11,18})\\b'
Выбранный ключ: maestro_card
Найдено совпадений: 0
--- Диагностика всех шаблонов ---
  years_2000_2010: 0 совпадений
    (в тексте есть цифры: ['50', '0', '9', '10', '17'])
  maestro_card: 0 совпадений
    (в тексте есть цифры: ['50', '0', '9', '10', '17'])
  ip_with_mask: 0 совпадений
    (в тексте есть цифры: ['50', '0', '9', '10', '17'])

=== 2026-04-19T19:50:16.485182 ===
Длина текста: 52
Первые 200 символов: 'b(50[0-9]{10,17}|5[6-8][0-9]{10,17}|6[0-9]{11,18})\\b'
Выбранный ключ: maestro_card
Найдено совпадений: 0
--- Диагностика всех шаблонов ---
  years_2000_2010: 0 совпадений
    (в тексте есть цифры: ['50', '0', '9', '10', '17'])
  maestro_card: 0 совпадений
    (в тексте есть цифры: ['50', '0', '9', '10', '17'])
  ip_with_mask: 0 совпадений
    (в тексте есть цифры: ['50', '0', '9', '10', '17'])
Перед циклом: matches тип <class 'list'>, длина 0
Добавлено строк в таблицу: 0

=== 2026-04-19T19:50:18.946175 ===
Длина текста: 52
Первые 200 символов: 'b(50[0-9]{10,17}|5[6-8][0-9]{10,17}|6[0-9]{11,18})\\b'
Выбранный ключ: maestro_card
Найдено совпадений: 0
--- Диагностика всех шаблонов ---
  years_2000_2010: 0 совпадений
    (в тексте есть цифры: ['50', '0', '9', '10', '17'])
  maestro_card: 0 совпадений
    (в тексте есть цифры: ['50', '0', '9', '10', '17'])
  ip_with_mask: 0 совпадений
    (в тексте есть цифры: ['50', '0', '9', '10', '17'])

=== 2026-04-19T19:50:18.946175 ===
Длина текста: 52
Первые 200 символов: 'b(50[0-9]{10,17}|5[6-8][0-9]{10,17}|6[0-9]{11,18})\\b'
Выбранный ключ: maestro_card
Найдено совпадений: 0
--- Диагностика всех шаблонов ---
  years_2000_2010: 0 совпадений
    (в тексте есть цифры: ['50', '0', '9', '10', '17'])
  maestro_card: 0 совпадений
    (в тексте есть цифры: ['50', '0', '9', '10', '17'])
  ip_with_mask: 0 совпадений
    (в тексте есть цифры: ['50', '0', '9', '10', '17'])
Перед циклом: matches тип <class 'list'>, длина 0
Добавлено строк в таблицу: 0

=== 2026-04-19T19:50:19.386734 ===
Длина текста: 52
Первые 200 символов: 'b(50[0-9]{10,17}|5[6-8][0-9]{10,17}|6[0-9]{11,18})\\b'
Выбранный ключ: maestro_card
Найдено совпадений: 0
--- Диагностика всех шаблонов ---
  years_2000_2010: 0 совпадений
    (в тексте есть цифры: ['50', '0', '9', '10', '17'])
  maestro_card: 0 совпадений
    (в тексте есть цифры: ['50', '0', '9', '10', '17'])
  ip_with_mask: 0 совпадений
    (в тексте есть цифры: ['50', '0', '9', '10', '17'])

=== 2026-04-19T19:50:19.386734 ===
Длина текста: 52
Первые 200 символов: 'b(50[0-9]{10,17}|5[6-8][0-9]{10,17}|6[0-9]{11,18})\\b'
Выбранный ключ: maestro_card
Найдено совпадений: 0
--- Диагностика всех шаблонов ---
  years_2000_2010: 0 совпадений
    (в тексте есть цифры: ['50', '0', '9', '10', '17'])
  maestro_card: 0 совпадений
    (в тексте есть цифры: ['50', '0', '9', '10', '17'])
  ip_with_mask: 0 совпадений
    (в тексте есть цифры: ['50', '0', '9', '10', '17'])
Перед циклом: matches тип <class 'list'>, длина 0
Добавлено строк в таблицу: 0

=== 2026-04-19T19:50:19.642290 ===
Длина текста: 52
Первые 200 символов: 'b(50[0-9]{10,17}|5[6-8][0-9]{10,17}|6[0-9]{11,18})\\b'
Выбранный ключ: maestro_card
Найдено совпадений: 0
--- Диагностика всех шаблонов ---
  years_2000_2010: 0 совпадений
    (в тексте есть цифры: ['50', '0', '9', '10', '17'])
  maestro_card: 0 совпадений
    (в тексте есть цифры: ['50', '0', '9', '10', '17'])
  ip_with_mask: 0 совпадений
    (в тексте есть цифры: ['50', '0', '9', '10', '17'])

=== 2026-04-19T19:50:19.642290 ===
Длина текста: 52
Первые 200 символов: 'b(50[0-9]{10,17}|5[6-8][0-9]{10,17}|6[0-9]{11,18})\\b'
Выбранный ключ: maestro_card
Найдено совпадений: 0
--- Диагностика всех шаблонов ---
  years_2000_2010: 0 совпадений
    (в тексте есть цифры: ['50', '0', '9', '10', '17'])
  maestro_card: 0 совпадений
    (в тексте есть цифры: ['50', '0', '9', '10', '17'])
  ip_with_mask: 0 совпадений
    (в тексте есть цифры: ['50', '0', '9', '10', '17'])
Перед циклом: matches тип <class 'list'>, длина 0
Добавлено строк в таблицу: 0

=== 2026-04-19T19:50:19.891889 ===
Длина текста: 52
Первые 200 символов: 'b(50[0-9]{10,17}|5[6-8][0-9]{10,17}|6[0-9]{11,18})\\b'
Выбранный ключ: maestro_card
Найдено совпадений: 0
--- Диагностика всех шаблонов ---
  years_2000_2010: 0 совпадений
    (в тексте есть цифры: ['50', '0', '9', '10', '17'])
  maestro_card: 0 совпадений
    (в тексте есть цифры: ['50', '0', '9', '10', '17'])
  ip_with_mask: 0 совпадений
    (в тексте есть цифры: ['50', '0', '9', '10', '17'])

=== 2026-04-19T19:50:19.891889 ===
Длина текста: 52
Первые 200 символов: 'b(50[0-9]{10,17}|5[6-8][0-9]{10,17}|6[0-9]{11,18})\\b'
Выбранный ключ: maestro_card
Найдено совпадений: 0
--- Диагностика всех шаблонов ---
  years_2000_2010: 0 совпадений
    (в тексте есть цифры: ['50', '0', '9', '10', '17'])
  maestro_card: 0 совпадений
    (в тексте есть цифры: ['50', '0', '9', '10', '17'])
  ip_with_mask: 0 совпадений
    (в тексте есть цифры: ['50', '0', '9', '10', '17'])
Перед циклом: matches тип <class 'list'>, длина 0
Добавлено строк в таблицу: 0

=== 2026-04-19T19:50:23.359579 ===
Длина текста: 52
Первые 200 символов: 'b(50[0-9]{10,17}|5[6-8][0-9]{10,17}|6[0-9]{11,18})\\b'
Выбранный ключ: ip_with_mask
Найдено совпадений: 0
--- Диагностика всех шаблонов ---
  years_2000_2010: 0 совпадений
    (в тексте есть цифры: ['50', '0', '9', '10', '17'])
  maestro_card: 0 совпадений
    (в тексте есть цифры: ['50', '0', '9', '10', '17'])
  ip_with_mask: 0 совпадений
    (в тексте есть цифры: ['50', '0', '9', '10', '17'])

=== 2026-04-19T19:50:23.359579 ===
Длина текста: 52
Первые 200 символов: 'b(50[0-9]{10,17}|5[6-8][0-9]{10,17}|6[0-9]{11,18})\\b'
Выбранный ключ: ip_with_mask
Найдено совпадений: 0
--- Диагностика всех шаблонов ---
  years_2000_2010: 0 совпадений
    (в тексте есть цифры: ['50', '0', '9', '10', '17'])
  maestro_card: 0 совпадений
    (в тексте есть цифры: ['50', '0', '9', '10', '17'])
  ip_with_mask: 0 совпадений
    (в тексте есть цифры: ['50', '0', '9', '10', '17'])
Перед циклом: matches тип <class 'list'>, длина 0
Добавлено строк в таблицу: 0

=== 2026-04-19T19:50:23.625376 ===
Длина текста: 52
Первые 200 символов: 'b(50[0-9]{10,17}|5[6-8][0-9]{10,17}|6[0-9]{11,18})\\b'
Выбранный ключ: ip_with_mask
Найдено совпадений: 0
--- Диагностика всех шаблонов ---
  years_2000_2010: 0 совпадений
    (в тексте есть цифры: ['50', '0', '9', '10', '17'])
  maestro_card: 0 совпадений
    (в тексте есть цифры: ['50', '0', '9', '10', '17'])
  ip_with_mask: 0 совпадений
    (в тексте есть цифры: ['50', '0', '9', '10', '17'])

=== 2026-04-19T19:50:23.625376 ===
Длина текста: 52
Первые 200 символов: 'b(50[0-9]{10,17}|5[6-8][0-9]{10,17}|6[0-9]{11,18})\\b'
Выбранный ключ: ip_with_mask
Найдено совпадений: 0
--- Диагностика всех шаблонов ---
  years_2000_2010: 0 совпадений
    (в тексте есть цифры: ['50', '0', '9', '10', '17'])
  maestro_card: 0 совпадений
    (в тексте есть цифры: ['50', '0', '9', '10', '17'])
  ip_with_mask: 0 совпадений
    (в тексте есть цифры: ['50', '0', '9', '10', '17'])
Перед циклом: matches тип <class 'list'>, длина 0
Добавлено строк в таблицу: 0

=== 2026-04-19T19:50:23.885280 ===
Длина текста: 52
Первые 200 символов: 'b(50[0-9]{10,17}|5[6-8][0-9]{10,17}|6[0-9]{11,18})\\b'
Выбранный ключ: ip_with_mask
Найдено совпадений: 0
--- Диагностика всех шаблонов ---
  years_2000_2010: 0 совпадений
    (в тексте есть цифры: ['50', '0', '9', '10', '17'])
  maestro_card: 0 совпадений
    (в тексте есть цифры: ['50', '0', '9', '10', '17'])
  ip_with_mask: 0 совпадений
    (в тексте есть цифры: ['50', '0', '9', '10', '17'])

=== 2026-04-19T19:50:23.885280 ===
Длина текста: 52
Первые 200 символов: 'b(50[0-9]{10,17}|5[6-8][0-9]{10,17}|6[0-9]{11,18})\\b'
Выбранный ключ: ip_with_mask
Найдено совпадений: 0
--- Диагностика всех шаблонов ---
  years_2000_2010: 0 совпадений
    (в тексте есть цифры: ['50', '0', '9', '10', '17'])
  maestro_card: 0 совпадений
    (в тексте есть цифры: ['50', '0', '9', '10', '17'])
  ip_with_mask: 0 совпадений
    (в тексте есть цифры: ['50', '0', '9', '10', '17'])
Перед циклом: matches тип <class 'list'>, длина 0
Добавлено строк в таблицу: 0

=== 2026-04-19T19:59:50.287297 ===
Длина текста: 19
Первые 200 символов: '\\b(200[0-9]|2010)\\b'
--- Результаты по шаблонам ---
  years_2000_2010: 1 совпадений
    0: '2010' на строке 1:13
  maestro_card: 0 совпадений
  ip_with_mask: 0 совпадений

=== 2026-04-19T19:59:50.287297 ===
Длина текста: 19
Первые 200 символов: '\\b(200[0-9]|2010)\\b'
--- Результаты по шаблонам ---
  years_2000_2010: 1 совпадений
    0: '2010' на строке 1:13
  maestro_card: 0 совпадений
  ip_with_mask: 0 совпадений
Всего совпадений: 1
Упорядоченных записей: 1
Добавлено строк в таблицу: 1

=== 2026-04-19T20:00:04.486661 ===
Длина текста: 53
Первые 200 символов: '\\b(50[0-9]{10,17}|5[6-8][0-9]{10,17}|6[0-9]{11,18})\\b'
--- Результаты по шаблонам ---
  years_2000_2010: 0 совпадений
  maestro_card: 0 совпадений
  ip_with_mask: 0 совпадений

=== 2026-04-19T20:00:04.486661 ===
Длина текста: 53
Первые 200 символов: '\\b(50[0-9]{10,17}|5[6-8][0-9]{10,17}|6[0-9]{11,18})\\b'
--- Результаты по шаблонам ---
  years_2000_2010: 0 совпадений
  maestro_card: 0 совпадений
  ip_with_mask: 0 совпадений
Всего совпадений: 0
Упорядоченных записей: 0
Добавлено строк в таблицу: 0

=== 2026-04-19T20:00:05.133010 ===
Длина текста: 53
Первые 200 символов: '\\b(50[0-9]{10,17}|5[6-8][0-9]{10,17}|6[0-9]{11,18})\\b'
--- Результаты по шаблонам ---
  years_2000_2010: 0 совпадений
  maestro_card: 0 совпадений
  ip_with_mask: 0 совпадений

=== 2026-04-19T20:00:05.133010 ===
Длина текста: 53
Первые 200 символов: '\\b(50[0-9]{10,17}|5[6-8][0-9]{10,17}|6[0-9]{11,18})\\b'
--- Результаты по шаблонам ---
  years_2000_2010: 0 совпадений
  maestro_card: 0 совпадений
  ip_with_mask: 0 совпадений
Всего совпадений: 0
Упорядоченных записей: 0
Добавлено строк в таблицу: 0

=== 2026-04-19T20:00:05.383746 ===
Длина текста: 53
Первые 200 символов: '\\b(50[0-9]{10,17}|5[6-8][0-9]{10,17}|6[0-9]{11,18})\\b'
--- Результаты по шаблонам ---
  years_2000_2010: 0 совпадений
  maestro_card: 0 совпадений
  ip_with_mask: 0 совпадений

=== 2026-04-19T20:00:05.383746 ===
Длина текста: 53
Первые 200 символов: '\\b(50[0-9]{10,17}|5[6-8][0-9]{10,17}|6[0-9]{11,18})\\b'
--- Результаты по шаблонам ---
  years_2000_2010: 0 совпадений
  maestro_card: 0 совпадений
  ip_with_mask: 0 совпадений
Всего совпадений: 0
Упорядоченных записей: 0
Добавлено строк в таблицу: 0

=== 2026-04-19T20:00:32.904775 ===
Длина текста: 35
Первые 200 символов: '5012345678901234\n561234567890123456'
--- Результаты по шаблонам ---
  years_2000_2010: 0 совпадений
  maestro_card: 2 совпадений
    0: '5012345678901234' на строке 1:1
    1: '561234567890123456' на строке 2:1
  ip_with_mask: 0 совпадений

=== 2026-04-19T20:00:32.904775 ===
Длина текста: 35
Первые 200 символов: '5012345678901234\n561234567890123456'
--- Результаты по шаблонам ---
  years_2000_2010: 0 совпадений
  maestro_card: 2 совпадений
    0: '5012345678901234' на строке 1:1
    1: '561234567890123456' на строке 2:1
  ip_with_mask: 0 совпадений
Всего совпадений: 2
Упорядоченных записей: 2
Добавлено строк в таблицу: 2

=== 2026-04-19T20:01:00.855019 ===
Длина текста: 13
Первые 200 символов: '92.168.1.1/24'
--- Результаты по шаблонам ---
  years_2000_2010: 0 совпадений
  maestro_card: 0 совпадений
  ip_with_mask: 1 совпадений
    0: '92.168.1.1/24' на строке 1:1

=== 2026-04-19T20:01:00.855019 ===
Длина текста: 13
Первые 200 символов: '92.168.1.1/24'
--- Результаты по шаблонам ---
  years_2000_2010: 0 совпадений
  maestro_card: 0 совпадений
  ip_with_mask: 1 совпадений
    0: '92.168.1.1/24' на строке 1:1
Всего совпадений: 1
Упорядоченных записей: 1
Добавлено строк в таблицу: 1

=== 2026-04-19T20:01:13.934829 ===
Длина текста: 32
Первые 200 символов: '92.168.1.1/24\n255.255.255.255/32'
--- Результаты по шаблонам ---
  years_2000_2010: 0 совпадений
  maestro_card: 0 совпадений
  ip_with_mask: 2 совпадений
    0: '92.168.1.1/24' на строке 1:1
    1: '255.255.255.255/32' на строке 2:1

=== 2026-04-19T20:01:13.934829 ===
Длина текста: 32
Первые 200 символов: '92.168.1.1/24\n255.255.255.255/32'
--- Результаты по шаблонам ---
  years_2000_2010: 0 совпадений
  maestro_card: 0 совпадений
  ip_with_mask: 2 совпадений
    0: '92.168.1.1/24' на строке 1:1
    1: '255.255.255.255/32' на строке 2:1
Всего совпадений: 2
Упорядоченных записей: 2
Добавлено строк в таблицу: 2

=== 2026-04-19T20:02:55.562322 ===
Длина текста: 19
Первые 200 символов: '\\b(200[0-9]|2010)\\b'
--- Результаты по шаблонам ---
  years_2000_2010: 1 совпадений
    0: '2010' на строке 1:13
  maestro_card: 0 совпадений
  ip_with_mask: 0 совпадений

=== 2026-04-19T20:02:55.562322 ===
Длина текста: 19
Первые 200 символов: '\\b(200[0-9]|2010)\\b'
--- Результаты по шаблонам ---
  years_2000_2010: 1 совпадений
    0: '2010' на строке 1:13
  maestro_card: 0 совпадений
  ip_with_mask: 0 совпадений
Всего совпадений: 1
Упорядоченных записей: 1
Добавлено строк в таблицу: 1

=== 2026-04-19T20:05:03.828344 ===
Длина текста: 88
Первые 200 символов: '5012345678901234\n561234567890123456\n571234567890123\n58123456789012345\n612345678901234567'
--- Результаты по шаблонам ---
  years_2000_2010: 0 совпадений
  maestro_card: 5 совпадений
    0: '5012345678901234' на строке 1:1
    1: '561234567890123456' на строке 2:1
    2: '571234567890123' на строке 3:1
  ip_with_mask: 0 совпадений

=== 2026-04-19T20:05:03.828344 ===
Длина текста: 88
Первые 200 символов: '5012345678901234\n561234567890123456\n571234567890123\n58123456789012345\n612345678901234567'
--- Результаты по шаблонам ---
  years_2000_2010: 0 совпадений
  maestro_card: 5 совпадений
    0: '5012345678901234' на строке 1:1
    1: '561234567890123456' на строке 2:1
    2: '571234567890123' на строке 3:1
  ip_with_mask: 0 совпадений
Всего совпадений: 5
Упорядоченных записей: 5
Добавлено строк в таблицу: 5

=== 2026-04-19T20:06:09.485757 ===
Длина текста: 68
Первые 200 символов: '192.168.1.1/24\n10.0.0.1/8\n255.255.255.255/32\n0.0.0.0/0\n172.16.0.1/16'
--- Результаты по шаблонам ---
  years_2000_2010: 0 совпадений
  maestro_card: 0 совпадений
  ip_with_mask: 5 совпадений
    0: '192.168.1.1/24' на строке 1:1
    1: '10.0.0.1/8' на строке 2:1
    2: '255.255.255.255/32' на строке 3:1

=== 2026-04-19T20:06:09.485757 ===
Длина текста: 68
Первые 200 символов: '192.168.1.1/24\n10.0.0.1/8\n255.255.255.255/32\n0.0.0.0/0\n172.16.0.1/16'
--- Результаты по шаблонам ---
  years_2000_2010: 0 совпадений
  maestro_card: 0 совпадений
  ip_with_mask: 5 совпадений
    0: '192.168.1.1/24' на строке 1:1
    1: '10.0.0.1/8' на строке 2:1
    2: '255.255.255.255/32' на строке 3:1
Всего совпадений: 5
Упорядоченных записей: 5
Добавлено строк в таблицу: 5

